{"C:\\Ohjelmistosuunnittelu\\Mitoituslaskuri\\src\\direct-work-calculator.jsx": {"path":"C:\\Ohjelmistosuunnittelu\\Mitoituslaskuri\\src\\direct-work-calculator.jsx","statementMap":{"0":{"start":{"line":5,"column":42},"end":{"line":5,"column":54}},"1":{"start":{"line":6,"column":48},"end":{"line":6,"column":60}},"2":{"start":{"line":9,"column":22},"end":{"line":11,"column":3}},"3":{"start":{"line":10,"column":4},"end":{"line":10,"column":58}},"4":{"start":{"line":20,"column":27},"end":{"line":27,"column":3}},"5":{"start":{"line":21,"column":28},"end":{"line":21,"column":59}},"6":{"start":{"line":22,"column":31},"end":{"line":22,"column":65}},"7":{"start":{"line":23,"column":4},"end":{"line":25,"column":5}},"8":{"start":{"line":24,"column":6},"end":{"line":24,"column":70}},"9":{"start":{"line":26,"column":4},"end":{"line":26,"column":15}},"10":{"start":{"line":30,"column":35},"end":{"line":32,"column":3}},"11":{"start":{"line":31,"column":4},"end":{"line":31,"column":48}},"12":{"start":{"line":34,"column":38},"end":{"line":36,"column":3}},"13":{"start":{"line":35,"column":4},"end":{"line":35,"column":51}},"14":{"start":{"line":39,"column":21},"end":{"line":41,"column":3}},"15":{"start":{"line":43,"column":2},"end":{"line":87,"column":3}}},"fnMap":{"0":{"name":"DirectWorkCalculator","decl":{"start":{"line":3,"column":24},"end":{"line":3,"column":44}},"loc":{"start":{"line":3,"column":47},"end":{"line":88,"column":1}},"line":3},"1":{"name":"(anonymous_1)","decl":{"start":{"line":9,"column":22},"end":{"line":9,"column":23}},"loc":{"start":{"line":9,"column":33},"end":{"line":11,"column":3}},"line":9},"2":{"name":"(anonymous_2)","decl":{"start":{"line":20,"column":27},"end":{"line":20,"column":28}},"loc":{"start":{"line":20,"column":33},"end":{"line":27,"column":3}},"line":20},"3":{"name":"(anonymous_3)","decl":{"start":{"line":30,"column":35},"end":{"line":30,"column":36}},"loc":{"start":{"line":30,"column":42},"end":{"line":32,"column":3}},"line":30},"4":{"name":"(anonymous_4)","decl":{"start":{"line":34,"column":38},"end":{"line":34,"column":39}},"loc":{"start":{"line":34,"column":45},"end":{"line":36,"column":3}},"line":34},"5":{"name":"(anonymous_5)","decl":{"start":{"line":39,"column":21},"end":{"line":39,"column":22}},"loc":{"start":{"line":39,"column":28},"end":{"line":41,"column":3}},"line":39}},"branchMap":{"0":{"loc":{"start":{"line":23,"column":4},"end":{"line":25,"column":5}},"type":"if","locations":[{"start":{"line":23,"column":4},"end":{"line":25,"column":5}},{"start":{},"end":{}}],"line":23},"1":{"loc":{"start":{"line":23,"column":8},"end":{"line":23,"column":87}},"type":"binary-expr","locations":[{"start":{"line":23,"column":8},"end":{"line":23,"column":31}},{"start":{"line":23,"column":35},"end":{"line":23,"column":61}},{"start":{"line":23,"column":65},"end":{"line":23,"column":87}}],"line":23},"2":{"loc":{"start":{"line":82,"column":47},"end":{"line":82,"column":72}},"type":"binary-expr","locations":[{"start":{"line":82,"column":47},"end":{"line":82,"column":65}},{"start":{"line":82,"column":69},"end":{"line":82,"column":72}}],"line":82}},"s":{"0":20,"1":20,"2":20,"3":15,"4":20,"5":20,"6":20,"7":20,"8":7,"9":13,"10":20,"11":8,"12":20,"13":7,"14":20,"15":20},"f":{"0":20,"1":15,"2":20,"3":8,"4":7,"5":2},"b":{"0":[7,13],"1":[20,15,7],"2":[20,13]},"_coverageSchema":"1a1c01bbd47fc00a2c39e90264f33305004495a9","hash":"2eb30402bc2e448d00a174854df13b1ebbe285b0"}
,"C:\\Ohjelmistosuunnittelu\\Mitoituslaskuri\\src\\direct-work-percent-calculator.jsx": {"path":"C:\\Ohjelmistosuunnittelu\\Mitoituslaskuri\\src\\direct-work-percent-calculator.jsx","statementMap":{"0":{"start":{"line":5,"column":44},"end":{"line":5,"column":56}},"1":{"start":{"line":6,"column":44},"end":{"line":6,"column":56}},"2":{"start":{"line":8,"column":22},"end":{"line":10,"column":3}},"3":{"start":{"line":9,"column":4},"end":{"line":9,"column":58}},"4":{"start":{"line":18,"column":36},"end":{"line":25,"column":3}},"5":{"start":{"line":19,"column":29},"end":{"line":19,"column":61}},"6":{"start":{"line":20,"column":29},"end":{"line":20,"column":61}},"7":{"start":{"line":21,"column":4},"end":{"line":23,"column":5}},"8":{"start":{"line":22,"column":6},"end":{"line":22,"column":69}},"9":{"start":{"line":24,"column":4},"end":{"line":24,"column":15}},"10":{"start":{"line":28,"column":35},"end":{"line":30,"column":3}},"11":{"start":{"line":29,"column":4},"end":{"line":29,"column":49}},"12":{"start":{"line":32,"column":36},"end":{"line":34,"column":3}},"13":{"start":{"line":33,"column":4},"end":{"line":33,"column":49}},"14":{"start":{"line":37,"column":21},"end":{"line":39,"column":3}},"15":{"start":{"line":41,"column":2},"end":{"line":85,"column":3}}},"fnMap":{"0":{"name":"DirectWorkPercentCalculator","decl":{"start":{"line":3,"column":24},"end":{"line":3,"column":51}},"loc":{"start":{"line":3,"column":54},"end":{"line":86,"column":1}},"line":3},"1":{"name":"(anonymous_1)","decl":{"start":{"line":8,"column":22},"end":{"line":8,"column":23}},"loc":{"start":{"line":8,"column":33},"end":{"line":10,"column":3}},"line":8},"2":{"name":"(anonymous_2)","decl":{"start":{"line":18,"column":36},"end":{"line":18,"column":37}},"loc":{"start":{"line":18,"column":42},"end":{"line":25,"column":3}},"line":18},"3":{"name":"(anonymous_3)","decl":{"start":{"line":28,"column":35},"end":{"line":28,"column":36}},"loc":{"start":{"line":28,"column":42},"end":{"line":30,"column":3}},"line":28},"4":{"name":"(anonymous_4)","decl":{"start":{"line":32,"column":36},"end":{"line":32,"column":37}},"loc":{"start":{"line":32,"column":43},"end":{"line":34,"column":3}},"line":32},"5":{"name":"(anonymous_5)","decl":{"start":{"line":37,"column":21},"end":{"line":37,"column":22}},"loc":{"start":{"line":37,"column":28},"end":{"line":39,"column":3}},"line":37}},"branchMap":{"0":{"loc":{"start":{"line":21,"column":4},"end":{"line":23,"column":5}},"type":"if","locations":[{"start":{"line":21,"column":4},"end":{"line":23,"column":5}},{"start":{},"end":{}}],"line":21},"1":{"loc":{"start":{"line":21,"column":8},"end":{"line":21,"column":84}},"type":"binary-expr","locations":[{"start":{"line":21,"column":8},"end":{"line":21,"column":32}},{"start":{"line":21,"column":36},"end":{"line":21,"column":60}},{"start":{"line":21,"column":64},"end":{"line":21,"column":84}}],"line":21},"2":{"loc":{"start":{"line":80,"column":47},"end":{"line":80,"column":81}},"type":"binary-expr","locations":[{"start":{"line":80,"column":47},"end":{"line":80,"column":74}},{"start":{"line":80,"column":78},"end":{"line":80,"column":81}}],"line":80}},"s":{"0":19,"1":19,"2":19,"3":14,"4":19,"5":19,"6":19,"7":19,"8":6,"9":13,"10":19,"11":8,"12":19,"13":6,"14":19,"15":19},"f":{"0":19,"1":14,"2":19,"3":8,"4":6,"5":2},"b":{"0":[6,13],"1":[19,14,6],"2":[19,13]},"_coverageSchema":"1a1c01bbd47fc00a2c39e90264f33305004495a9","hash":"fdf017fe69a21a2baa8ff72671b9fb3652cf5b77"}
,"C:\\Ohjelmistosuunnittelu\\Mitoituslaskuri\\src\\hours-calculator.jsx": {"path":"C:\\Ohjelmistosuunnittelu\\Mitoituslaskuri\\src\\hours-calculator.jsx","statementMap":{"0":{"start":{"line":5,"column":34},"end":{"line":5,"column":46}},"1":{"start":{"line":6,"column":52},"end":{"line":6,"column":64}},"2":{"start":{"line":9,"column":22},"end":{"line":11,"column":3}},"3":{"start":{"line":10,"column":4},"end":{"line":10,"column":58}},"4":{"start":{"line":21,"column":22},"end":{"line":29,"column":3}},"5":{"start":{"line":22,"column":24},"end":{"line":22,"column":51}},"6":{"start":{"line":23,"column":33},"end":{"line":23,"column":69}},"7":{"start":{"line":24,"column":4},"end":{"line":27,"column":5}},"8":{"start":{"line":25,"column":20},"end":{"line":25,"column":54}},"9":{"start":{"line":26,"column":6},"end":{"line":26,"column":40}},"10":{"start":{"line":28,"column":4},"end":{"line":28,"column":15}},"11":{"start":{"line":32,"column":31},"end":{"line":34,"column":3}},"12":{"start":{"line":33,"column":4},"end":{"line":33,"column":44}},"13":{"start":{"line":36,"column":32},"end":{"line":38,"column":3}},"14":{"start":{"line":37,"column":4},"end":{"line":37,"column":53}},"15":{"start":{"line":41,"column":21},"end":{"line":43,"column":3}},"16":{"start":{"line":45,"column":2},"end":{"line":89,"column":3}}},"fnMap":{"0":{"name":"HoursCalculator","decl":{"start":{"line":3,"column":24},"end":{"line":3,"column":39}},"loc":{"start":{"line":3,"column":42},"end":{"line":90,"column":1}},"line":3},"1":{"name":"(anonymous_1)","decl":{"start":{"line":9,"column":22},"end":{"line":9,"column":23}},"loc":{"start":{"line":9,"column":33},"end":{"line":11,"column":3}},"line":9},"2":{"name":"(anonymous_2)","decl":{"start":{"line":21,"column":22},"end":{"line":21,"column":23}},"loc":{"start":{"line":21,"column":28},"end":{"line":29,"column":3}},"line":21},"3":{"name":"(anonymous_3)","decl":{"start":{"line":32,"column":31},"end":{"line":32,"column":32}},"loc":{"start":{"line":32,"column":38},"end":{"line":34,"column":3}},"line":32},"4":{"name":"(anonymous_4)","decl":{"start":{"line":36,"column":32},"end":{"line":36,"column":33}},"loc":{"start":{"line":36,"column":39},"end":{"line":38,"column":3}},"line":36},"5":{"name":"(anonymous_5)","decl":{"start":{"line":41,"column":21},"end":{"line":41,"column":22}},"loc":{"start":{"line":41,"column":28},"end":{"line":43,"column":3}},"line":41}},"branchMap":{"0":{"loc":{"start":{"line":24,"column":4},"end":{"line":27,"column":5}},"type":"if","locations":[{"start":{"line":24,"column":4},"end":{"line":27,"column":5}},{"start":{},"end":{}}],"line":24},"1":{"loc":{"start":{"line":24,"column":8},"end":{"line":24,"column":59}},"type":"binary-expr","locations":[{"start":{"line":24,"column":8},"end":{"line":24,"column":27}},{"start":{"line":24,"column":31},"end":{"line":24,"column":59}}],"line":24},"2":{"loc":{"start":{"line":84,"column":47},"end":{"line":84,"column":67}},"type":"binary-expr","locations":[{"start":{"line":84,"column":47},"end":{"line":84,"column":60}},{"start":{"line":84,"column":64},"end":{"line":84,"column":67}}],"line":84}},"s":{"0":18,"1":18,"2":18,"3":13,"4":18,"5":18,"6":18,"7":18,"8":4,"9":4,"10":14,"11":18,"12":9,"13":18,"14":4,"15":18,"16":18},"f":{"0":18,"1":13,"2":18,"3":9,"4":4,"5":2},"b":{"0":[4,14],"1":[18,13],"2":[18,14]},"_coverageSchema":"1a1c01bbd47fc00a2c39e90264f33305004495a9","hash":"41bbc6fd2e09a8f1983d56278bad111ca33e72a3"}
,"C:\\Ohjelmistosuunnittelu\\Mitoituslaskuri\\src\\mitoitus-calculator.jsx": {"path":"C:\\Ohjelmistosuunnittelu\\Mitoituslaskuri\\src\\mitoitus-calculator.jsx","statementMap":{"0":{"start":{"line":5,"column":28},"end":{"line":5,"column":40}},"1":{"start":{"line":6,"column":36},"end":{"line":6,"column":48}},"2":{"start":{"line":9,"column":22},"end":{"line":11,"column":3}},"3":{"start":{"line":10,"column":4},"end":{"line":10,"column":58}},"4":{"start":{"line":19,"column":25},"end":{"line":27,"column":3}},"5":{"start":{"line":20,"column":21},"end":{"line":20,"column":45}},"6":{"start":{"line":21,"column":25},"end":{"line":21,"column":53}},"7":{"start":{"line":22,"column":4},"end":{"line":25,"column":5}},"8":{"start":{"line":23,"column":20},"end":{"line":23,"column":37}},"9":{"start":{"line":24,"column":6},"end":{"line":24,"column":46}},"10":{"start":{"line":26,"column":4},"end":{"line":26,"column":15}},"11":{"start":{"line":30,"column":28},"end":{"line":32,"column":3}},"12":{"start":{"line":31,"column":4},"end":{"line":31,"column":41}},"13":{"start":{"line":34,"column":32},"end":{"line":36,"column":3}},"14":{"start":{"line":35,"column":4},"end":{"line":35,"column":45}},"15":{"start":{"line":39,"column":21},"end":{"line":41,"column":3}},"16":{"start":{"line":43,"column":2},"end":{"line":87,"column":3}}},"fnMap":{"0":{"name":"MitoitusCalculator","decl":{"start":{"line":3,"column":24},"end":{"line":3,"column":42}},"loc":{"start":{"line":3,"column":45},"end":{"line":88,"column":1}},"line":3},"1":{"name":"(anonymous_1)","decl":{"start":{"line":9,"column":22},"end":{"line":9,"column":23}},"loc":{"start":{"line":9,"column":33},"end":{"line":11,"column":3}},"line":9},"2":{"name":"(anonymous_2)","decl":{"start":{"line":19,"column":25},"end":{"line":19,"column":26}},"loc":{"start":{"line":19,"column":31},"end":{"line":27,"column":3}},"line":19},"3":{"name":"(anonymous_3)","decl":{"start":{"line":30,"column":28},"end":{"line":30,"column":29}},"loc":{"start":{"line":30,"column":35},"end":{"line":32,"column":3}},"line":30},"4":{"name":"(anonymous_4)","decl":{"start":{"line":34,"column":32},"end":{"line":34,"column":33}},"loc":{"start":{"line":34,"column":39},"end":{"line":36,"column":3}},"line":34},"5":{"name":"(anonymous_5)","decl":{"start":{"line":39,"column":21},"end":{"line":39,"column":22}},"loc":{"start":{"line":39,"column":28},"end":{"line":41,"column":3}},"line":39}},"branchMap":{"0":{"loc":{"start":{"line":22,"column":4},"end":{"line":25,"column":5}},"type":"if","locations":[{"start":{"line":22,"column":4},"end":{"line":25,"column":5}},{"start":{},"end":{}}],"line":22},"1":{"loc":{"start":{"line":22,"column":8},"end":{"line":22,"column":68}},"type":"binary-expr","locations":[{"start":{"line":22,"column":8},"end":{"line":22,"column":24}},{"start":{"line":22,"column":28},"end":{"line":22,"column":48}},{"start":{"line":22,"column":52},"end":{"line":22,"column":68}}],"line":22},"2":{"loc":{"start":{"line":82,"column":47},"end":{"line":82,"column":70}},"type":"binary-expr","locations":[{"start":{"line":82,"column":47},"end":{"line":82,"column":63}},{"start":{"line":82,"column":67},"end":{"line":82,"column":70}}],"line":82}},"s":{"0":23,"1":23,"2":23,"3":18,"4":23,"5":23,"6":23,"7":23,"8":4,"9":4,"10":19,"11":23,"12":14,"13":23,"14":4,"15":23,"16":23},"f":{"0":23,"1":18,"2":23,"3":14,"4":4,"5":2},"b":{"0":[4,19],"1":[23,18,4],"2":[23,19]},"_coverageSchema":"1a1c01bbd47fc00a2c39e90264f33305004495a9","hash":"c92172156b01932ff5752a71946314ed5324354c"}
}
