TN:
SF:src\direct-work-calculator.jsx
FN:3,DirectWorkCalculator
FN:9,(anonymous_1)
FN:20,(anonymous_2)
FN:30,(anonymous_3)
FN:34,(anonymous_4)
FN:39,(anonymous_5)
FNF:6
FNH:6
FNDA:20,DirectWorkCalculator
FNDA:15,(anonymous_1)
FNDA:20,(anonymous_2)
FNDA:8,(anonymous_3)
FNDA:7,(anonymous_4)
FNDA:2,(anonymous_5)
DA:5,20
DA:6,20
DA:9,20
DA:10,15
DA:20,20
DA:21,20
DA:22,20
DA:23,20
DA:24,7
DA:26,13
DA:30,20
DA:31,8
DA:34,20
DA:35,7
DA:39,20
DA:43,20
LF:16
LH:16
BRDA:23,0,0,7
BRDA:23,0,1,13
BRDA:23,1,0,20
BRDA:23,1,1,15
BRDA:23,1,2,7
BRDA:82,2,0,20
BRDA:82,2,1,13
BRF:7
BRH:7
end_of_record
TN:
SF:src\direct-work-percent-calculator.jsx
FN:3,DirectWorkPercentCalculator
FN:8,(anonymous_1)
FN:18,(anonymous_2)
FN:28,(anonymous_3)
FN:32,(anonymous_4)
FN:37,(anonymous_5)
FNF:6
FNH:6
FNDA:19,DirectWorkPercentCalculator
FNDA:14,(anonymous_1)
FNDA:19,(anonymous_2)
FNDA:8,(anonymous_3)
FNDA:6,(anonymous_4)
FNDA:2,(anonymous_5)
DA:5,19
DA:6,19
DA:8,19
DA:9,14
DA:18,19
DA:19,19
DA:20,19
DA:21,19
DA:22,6
DA:24,13
DA:28,19
DA:29,8
DA:32,19
DA:33,6
DA:37,19
DA:41,19
LF:16
LH:16
BRDA:21,0,0,6
BRDA:21,0,1,13
BRDA:21,1,0,19
BRDA:21,1,1,14
BRDA:21,1,2,6
BRDA:80,2,0,19
BRDA:80,2,1,13
BRF:7
BRH:7
end_of_record
TN:
SF:src\hours-calculator.jsx
FN:3,HoursCalculator
FN:9,(anonymous_1)
FN:21,(anonymous_2)
FN:32,(anonymous_3)
FN:36,(anonymous_4)
FN:41,(anonymous_5)
FNF:6
FNH:6
FNDA:18,HoursCalculator
FNDA:13,(anonymous_1)
FNDA:18,(anonymous_2)
FNDA:9,(anonymous_3)
FNDA:4,(anonymous_4)
FNDA:2,(anonymous_5)
DA:5,18
DA:6,18
DA:9,18
DA:10,13
DA:21,18
DA:22,18
DA:23,18
DA:24,18
DA:25,4
DA:26,4
DA:28,14
DA:32,18
DA:33,9
DA:36,18
DA:37,4
DA:41,18
DA:45,18
LF:17
LH:17
BRDA:24,0,0,4
BRDA:24,0,1,14
BRDA:24,1,0,18
BRDA:24,1,1,13
BRDA:84,2,0,18
BRDA:84,2,1,14
BRF:6
BRH:6
end_of_record
TN:
SF:src\mitoitus-calculator.jsx
FN:3,MitoitusCalculator
FN:9,(anonymous_1)
FN:19,(anonymous_2)
FN:30,(anonymous_3)
FN:34,(anonymous_4)
FN:39,(anonymous_5)
FNF:6
FNH:6
FNDA:23,MitoitusCalculator
FNDA:18,(anonymous_1)
FNDA:23,(anonymous_2)
FNDA:14,(anonymous_3)
FNDA:4,(anonymous_4)
FNDA:2,(anonymous_5)
DA:5,23
DA:6,23
DA:9,23
DA:10,18
DA:19,23
DA:20,23
DA:21,23
DA:22,23
DA:23,4
DA:24,4
DA:26,19
DA:30,23
DA:31,14
DA:34,23
DA:35,4
DA:39,23
DA:43,23
LF:17
LH:17
BRDA:22,0,0,4
BRDA:22,0,1,19
BRDA:22,1,0,23
BRDA:22,1,1,18
BRDA:22,1,2,4
BRDA:82,2,0,23
BRDA:82,2,1,19
BRF:7
BRH:7
end_of_record
